<?xml version="1.0" encoding="UTF-8"?>
<!-- Generated by org.testng.reporters.JUnitXMLReporter -->
<testsuite hostname="WKWIN1726912" ignored="1" name="Personal Loan" tests="6" failures="0" timestamp="03 Oct 2019 07:39:37 GMT" time="0.059" errors="0">
  <testcase name="method1" time="0.007" classname="test.Demo"/>
  <testcase name="method3" time="0.002" classname="test.Demo2"/>
  <testcase name="method3" time="0.001" classname="test.Demo2"/>
  <testcase name="method3" time="0.001" classname="test.Demo2"/>
  <testcase name="mobileLoginHome" time="0.002" classname="test.Demo4"/>
  <testcase name="webloginHome" time="0.002" classname="test.Demo4"/>
  <testcase name="method2" time="0.0" classname="test.Demo">
    <ignored/>
  </testcase> <!-- method2 -->
</testsuite> <!-- Personal Loan -->
