<?xml version="1.0" encoding="UTF-8"?>
<!-- Generated by org.testng.reporters.JUnitXMLReporter -->
<testsuite hostname="WKWIN1726912" ignored="3" name="Regression" tests="4" failures="0" timestamp="02 Oct 2019 16:02:01 GMT" time="0.032" errors="0">
  <testcase name="method1" time="0.007" classname="test.Demo"/>
  <testcase name="method3" time="0.001" classname="test.Demo2"/>
  <testcase name="webloginHome" time="0.001" classname="test.Demo4"/>
  <testcase name="webloginCar" time="0.001" classname="test.Demo3"/>
  <testcase name="mobileLoginCar" time="0.0" classname="test.Demo3">
    <ignored/>
  </testcase> <!-- mobileLoginCar -->
  <testcase name="mobileLoginHome" time="0.0" classname="test.Demo4">
    <ignored/>
  </testcase> <!-- mobileLoginHome -->
  <testcase name="method2" time="0.0" classname="test.Demo">
    <ignored/>
  </testcase> <!-- method2 -->
</testsuite> <!-- Regression -->
